2016-05-10 10:21:55.403 ERROR c.w.w.f.AdminSessionFilter unkonw error
java.lang.NoClassDefFoundError: com/weizhu/proto/AdminProtos$GetRoleListRequest$Builder
	at com.weizhu.proto.AdminProtos$GetRoleListRequest.newBuilder(AdminProtos.java:29733)
	at com.weizhu.webapp.admin.api.GetRoleListServlet.doPost(GetRoleListServlet.java:51)
	at javax.servlet.http.HttpServlet.service(HttpServlet.java:707)
	at javax.servlet.http.HttpServlet.service(HttpServlet.java:790)
	at com.google.inject.servlet.ServletDefinition.doServiceImpl(ServletDefinition.java:287)
	at com.google.inject.servlet.ServletDefinition.doService(ServletDefinition.java:277)
	at com.google.inject.servlet.ServletDefinition.service(ServletDefinition.java:182)
	at com.google.inject.servlet.ManagedServletPipeline.service(ManagedServletPipeline.java:91)
	at com.weizhu.webapp.admin.WebappAdminFilter.doFilter(WebappAdminFilter.java:83)
	at com.weizhu.web.filter.AdminSessionFilter.doFilter(AdminSessionFilter.java:111)
	at com.google.inject.servlet.ManagedFilterPipeline.dispatch(ManagedFilterPipeline.java:119)
	at com.google.inject.servlet.GuiceFilter$1.call(GuiceFilter.java:133)
	at com.google.inject.servlet.GuiceFilter$1.call(GuiceFilter.java:130)
	at com.google.inject.servlet.GuiceFilter$Context.call(GuiceFilter.java:203)
	at com.google.inject.servlet.GuiceFilter.doFilter(GuiceFilter.java:130)
	at org.eclipse.jetty.servlet.ServletHandler$CachedChain.doFilter(ServletHandler.java:1668)
	at org.eclipse.jetty.servlet.ServletHandler.doHandle(ServletHandler.java:581)
	at org.eclipse.jetty.server.handler.ScopedHandler.handle(ScopedHandler.java:143)
	at org.eclipse.jetty.security.SecurityHandler.handle(SecurityHandler.java:548)
	at org.eclipse.jetty.server.session.SessionHandler.doHandle(SessionHandler.java:226)
	at org.eclipse.jetty.server.handler.ContextHandler.doHandle(ContextHandler.java:1160)
	at org.eclipse.jetty.servlet.ServletHandler.doScope(ServletHandler.java:511)
	at org.eclipse.jetty.server.session.SessionHandler.doScope(SessionHandler.java:185)
	at org.eclipse.jetty.server.handler.ContextHandler.doScope(ContextHandler.java:1092)
	at org.eclipse.jetty.server.handler.ScopedHandler.handle(ScopedHandler.java:141)
	at org.eclipse.jetty.server.handler.ContextHandlerCollection.handle(ContextHandlerCollection.java:213)
	at org.eclipse.jetty.server.handler.HandlerCollection.handle(HandlerCollection.java:119)
	at org.eclipse.jetty.server.handler.HandlerWrapper.handle(HandlerWrapper.java:134)
	at org.eclipse.jetty.server.Server.handle(Server.java:518)
	at org.eclipse.jetty.server.HttpChannel.handle(HttpChannel.java:308)
	at org.eclipse.jetty.server.HttpConnection.onFillable(HttpConnection.java:244)
	at org.eclipse.jetty.io.AbstractConnection$ReadCallback.succeeded(AbstractConnection.java:273)
	at org.eclipse.jetty.io.FillInterest.fillable(FillInterest.java:95)
	at org.eclipse.jetty.io.SelectChannelEndPoint$2.run(SelectChannelEndPoint.java:93)
	at org.eclipse.jetty.util.thread.strategy.ExecuteProduceConsume.produceAndRun(ExecuteProduceConsume.java:246)
	at org.eclipse.jetty.util.thread.strategy.ExecuteProduceConsume.run(ExecuteProduceConsume.java:156)
	at org.eclipse.jetty.util.thread.QueuedThreadPool.runJob(QueuedThreadPool.java:654)
	at org.eclipse.jetty.util.thread.QueuedThreadPool$3.run(QueuedThreadPool.java:572)
	at java.lang.Thread.run(Thread.java:745)
Caused by: java.lang.ClassNotFoundException: com.weizhu.proto.AdminProtos$GetRoleListRequest$Builder
	at org.codehaus.plexus.classworlds.strategy.SelfFirstStrategy.loadClass(SelfFirstStrategy.java:50)
	at org.codehaus.plexus.classworlds.realm.ClassRealm.unsynchronizedLoadClass(ClassRealm.java:271)
	at org.codehaus.plexus.classworlds.realm.ClassRealm.loadClass(ClassRealm.java:247)
	at org.codehaus.plexus.classworlds.realm.ClassRealm.loadClass(ClassRealm.java:239)
	at org.eclipse.jetty.webapp.WebAppClassLoader.loadClass(WebAppClassLoader.java:487)
	at org.eclipse.jetty.webapp.WebAppClassLoader.loadClass(WebAppClassLoader.java:428)
	... 39 common frames omitted
2016-05-10 10:22:56.462 ERROR c.w.w.f.AdminSessionFilter unkonw error
java.lang.NoClassDefFoundError: com/weizhu/proto/AdminUserProtos$GetTeamRequest$Builder
	at com.weizhu.proto.AdminUserProtos$GetTeamRequest.newBuilder(AdminUserProtos.java:34820)
	at com.weizhu.webapp.admin.api.user.GetTeamServlet.doPost(GetTeamServlet.java:56)
	at javax.servlet.http.HttpServlet.service(HttpServlet.java:707)
	at javax.servlet.http.HttpServlet.service(HttpServlet.java:790)
	at com.google.inject.servlet.ServletDefinition.doServiceImpl(ServletDefinition.java:287)
	at com.google.inject.servlet.ServletDefinition.doService(ServletDefinition.java:277)
	at com.google.inject.servlet.ServletDefinition.service(ServletDefinition.java:182)
	at com.google.inject.servlet.ManagedServletPipeline.service(ManagedServletPipeline.java:91)
	at com.weizhu.webapp.admin.WebappAdminFilter.doFilter(WebappAdminFilter.java:83)
	at com.weizhu.web.filter.AdminSessionFilter.doFilter(AdminSessionFilter.java:111)
	at com.google.inject.servlet.ManagedFilterPipeline.dispatch(ManagedFilterPipeline.java:119)
	at com.google.inject.servlet.GuiceFilter$1.call(GuiceFilter.java:133)
	at com.google.inject.servlet.GuiceFilter$1.call(GuiceFilter.java:130)
	at com.google.inject.servlet.GuiceFilter$Context.call(GuiceFilter.java:203)
	at com.google.inject.servlet.GuiceFilter.doFilter(GuiceFilter.java:130)
	at org.eclipse.jetty.servlet.ServletHandler$CachedChain.doFilter(ServletHandler.java:1668)
	at org.eclipse.jetty.servlet.ServletHandler.doHandle(ServletHandler.java:581)
	at org.eclipse.jetty.server.handler.ScopedHandler.handle(ScopedHandler.java:143)
	at org.eclipse.jetty.security.SecurityHandler.handle(SecurityHandler.java:548)
	at org.eclipse.jetty.server.session.SessionHandler.doHandle(SessionHandler.java:226)
	at org.eclipse.jetty.server.handler.ContextHandler.doHandle(ContextHandler.java:1160)
	at org.eclipse.jetty.servlet.ServletHandler.doScope(ServletHandler.java:511)
	at org.eclipse.jetty.server.session.SessionHandler.doScope(SessionHandler.java:185)
	at org.eclipse.jetty.server.handler.ContextHandler.doScope(ContextHandler.java:1092)
	at org.eclipse.jetty.server.handler.ScopedHandler.handle(ScopedHandler.java:141)
	at org.eclipse.jetty.server.handler.ContextHandlerCollection.handle(ContextHandlerCollection.java:213)
	at org.eclipse.jetty.server.handler.HandlerCollection.handle(HandlerCollection.java:119)
	at org.eclipse.jetty.server.handler.HandlerWrapper.handle(HandlerWrapper.java:134)
	at org.eclipse.jetty.server.Server.handle(Server.java:518)
	at org.eclipse.jetty.server.HttpChannel.handle(HttpChannel.java:308)
	at org.eclipse.jetty.server.HttpConnection.onFillable(HttpConnection.java:244)
	at org.eclipse.jetty.io.AbstractConnection$ReadCallback.succeeded(AbstractConnection.java:273)
	at org.eclipse.jetty.io.FillInterest.fillable(FillInterest.java:95)
	at org.eclipse.jetty.io.SelectChannelEndPoint$2.run(SelectChannelEndPoint.java:93)
	at org.eclipse.jetty.util.thread.strategy.ExecuteProduceConsume.produceAndRun(ExecuteProduceConsume.java:246)
	at org.eclipse.jetty.util.thread.strategy.ExecuteProduceConsume.run(ExecuteProduceConsume.java:156)
	at org.eclipse.jetty.util.thread.QueuedThreadPool.runJob(QueuedThreadPool.java:654)
	at org.eclipse.jetty.util.thread.QueuedThreadPool$3.run(QueuedThreadPool.java:572)
	at java.lang.Thread.run(Thread.java:745)
Caused by: java.lang.ClassNotFoundException: com.weizhu.proto.AdminUserProtos$GetTeamRequest$Builder
	at org.codehaus.plexus.classworlds.strategy.SelfFirstStrategy.loadClass(SelfFirstStrategy.java:50)
	at org.codehaus.plexus.classworlds.realm.ClassRealm.unsynchronizedLoadClass(ClassRealm.java:271)
	at org.codehaus.plexus.classworlds.realm.ClassRealm.loadClass(ClassRealm.java:247)
	at org.codehaus.plexus.classworlds.realm.ClassRealm.loadClass(ClassRealm.java:239)
	at org.eclipse.jetty.webapp.WebAppClassLoader.loadClass(WebAppClassLoader.java:487)
	at org.eclipse.jetty.webapp.WebAppClassLoader.loadClass(WebAppClassLoader.java:428)
	... 39 common frames omitted
2016-05-10 10:22:56.466 ERROR c.w.w.f.AdminSessionFilter unkonw error
java.lang.NoClassDefFoundError: com/weizhu/proto/AdminProtos$GetRoleListRequest$Builder
	at com.weizhu.proto.AdminProtos$GetRoleListRequest.newBuilder(AdminProtos.java:29733)
	at com.weizhu.webapp.admin.api.GetRoleListServlet.doPost(GetRoleListServlet.java:51)
	at javax.servlet.http.HttpServlet.service(HttpServlet.java:707)
	at javax.servlet.http.HttpServlet.service(HttpServlet.java:790)
	at com.google.inject.servlet.ServletDefinition.doServiceImpl(ServletDefinition.java:287)
	at com.google.inject.servlet.ServletDefinition.doService(ServletDefinition.java:277)
	at com.google.inject.servlet.ServletDefinition.service(ServletDefinition.java:182)
	at com.google.inject.servlet.ManagedServletPipeline.service(ManagedServletPipeline.java:91)
	at com.weizhu.webapp.admin.WebappAdminFilter.doFilter(WebappAdminFilter.java:83)
	at com.weizhu.web.filter.AdminSessionFilter.doFilter(AdminSessionFilter.java:111)
	at com.google.inject.servlet.ManagedFilterPipeline.dispatch(ManagedFilterPipeline.java:119)
	at com.google.inject.servlet.GuiceFilter$1.call(GuiceFilter.java:133)
	at com.google.inject.servlet.GuiceFilter$1.call(GuiceFilter.java:130)
	at com.google.inject.servlet.GuiceFilter$Context.call(GuiceFilter.java:203)
	at com.google.inject.servlet.GuiceFilter.doFilter(GuiceFilter.java:130)
	at org.eclipse.jetty.servlet.ServletHandler$CachedChain.doFilter(ServletHandler.java:1668)
	at org.eclipse.jetty.servlet.ServletHandler.doHandle(ServletHandler.java:581)
	at org.eclipse.jetty.server.handler.ScopedHandler.handle(ScopedHandler.java:143)
	at org.eclipse.jetty.security.SecurityHandler.handle(SecurityHandler.java:548)
	at org.eclipse.jetty.server.session.SessionHandler.doHandle(SessionHandler.java:226)
	at org.eclipse.jetty.server.handler.ContextHandler.doHandle(ContextHandler.java:1160)
	at org.eclipse.jetty.servlet.ServletHandler.doScope(ServletHandler.java:511)
	at org.eclipse.jetty.server.session.SessionHandler.doScope(SessionHandler.java:185)
	at org.eclipse.jetty.server.handler.ContextHandler.doScope(ContextHandler.java:1092)
	at org.eclipse.jetty.server.handler.ScopedHandler.handle(ScopedHandler.java:141)
	at org.eclipse.jetty.server.handler.ContextHandlerCollection.handle(ContextHandlerCollection.java:213)
	at org.eclipse.jetty.server.handler.HandlerCollection.handle(HandlerCollection.java:119)
	at org.eclipse.jetty.server.handler.HandlerWrapper.handle(HandlerWrapper.java:134)
	at org.eclipse.jetty.server.Server.handle(Server.java:518)
	at org.eclipse.jetty.server.HttpChannel.handle(HttpChannel.java:308)
	at org.eclipse.jetty.server.HttpConnection.onFillable(HttpConnection.java:244)
	at org.eclipse.jetty.io.AbstractConnection$ReadCallback.succeeded(AbstractConnection.java:273)
	at org.eclipse.jetty.io.FillInterest.fillable(FillInterest.java:95)
	at org.eclipse.jetty.io.SelectChannelEndPoint$2.run(SelectChannelEndPoint.java:93)
	at org.eclipse.jetty.util.thread.strategy.ExecuteProduceConsume.produceAndRun(ExecuteProduceConsume.java:246)
	at org.eclipse.jetty.util.thread.strategy.ExecuteProduceConsume.run(ExecuteProduceConsume.java:156)
	at org.eclipse.jetty.util.thread.QueuedThreadPool.runJob(QueuedThreadPool.java:654)
	at org.eclipse.jetty.util.thread.QueuedThreadPool$3.run(QueuedThreadPool.java:572)
	at java.lang.Thread.run(Thread.java:745)
2016-05-10 10:22:56.469 ERROR c.w.w.f.AdminSessionFilter unkonw error
java.lang.NoClassDefFoundError: com/weizhu/proto/AdminProtos$GetAdminListRequest$Builder
	at com.weizhu.proto.AdminProtos$GetAdminListRequest.newBuilder(AdminProtos.java:21089)
	at com.weizhu.webapp.admin.api.GetAdminListServlet.doPost(GetAdminListServlet.java:63)
	at javax.servlet.http.HttpServlet.service(HttpServlet.java:707)
	at javax.servlet.http.HttpServlet.service(HttpServlet.java:790)
	at com.google.inject.servlet.ServletDefinition.doServiceImpl(ServletDefinition.java:287)
	at com.google.inject.servlet.ServletDefinition.doService(ServletDefinition.java:277)
	at com.google.inject.servlet.ServletDefinition.service(ServletDefinition.java:182)
	at com.google.inject.servlet.ManagedServletPipeline.service(ManagedServletPipeline.java:91)
	at com.weizhu.webapp.admin.WebappAdminFilter.doFilter(WebappAdminFilter.java:83)
	at com.weizhu.web.filter.AdminSessionFilter.doFilter(AdminSessionFilter.java:111)
	at com.google.inject.servlet.ManagedFilterPipeline.dispatch(ManagedFilterPipeline.java:119)
	at com.google.inject.servlet.GuiceFilter$1.call(GuiceFilter.java:133)
	at com.google.inject.servlet.GuiceFilter$1.call(GuiceFilter.java:130)
	at com.google.inject.servlet.GuiceFilter$Context.call(GuiceFilter.java:203)
	at com.google.inject.servlet.GuiceFilter.doFilter(GuiceFilter.java:130)
	at org.eclipse.jetty.servlet.ServletHandler$CachedChain.doFilter(ServletHandler.java:1668)
	at org.eclipse.jetty.servlet.ServletHandler.doHandle(ServletHandler.java:581)
	at org.eclipse.jetty.server.handler.ScopedHandler.handle(ScopedHandler.java:143)
	at org.eclipse.jetty.security.SecurityHandler.handle(SecurityHandler.java:548)
	at org.eclipse.jetty.server.session.SessionHandler.doHandle(SessionHandler.java:226)
	at org.eclipse.jetty.server.handler.ContextHandler.doHandle(ContextHandler.java:1160)
	at org.eclipse.jetty.servlet.ServletHandler.doScope(ServletHandler.java:511)
	at org.eclipse.jetty.server.session.SessionHandler.doScope(SessionHandler.java:185)
	at org.eclipse.jetty.server.handler.ContextHandler.doScope(ContextHandler.java:1092)
	at org.eclipse.jetty.server.handler.ScopedHandler.handle(ScopedHandler.java:141)
	at org.eclipse.jetty.server.handler.ContextHandlerCollection.handle(ContextHandlerCollection.java:213)
	at org.eclipse.jetty.server.handler.HandlerCollection.handle(HandlerCollection.java:119)
	at org.eclipse.jetty.server.handler.HandlerWrapper.handle(HandlerWrapper.java:134)
	at org.eclipse.jetty.server.Server.handle(Server.java:518)
	at org.eclipse.jetty.server.HttpChannel.handle(HttpChannel.java:308)
	at org.eclipse.jetty.server.HttpConnection.onFillable(HttpConnection.java:244)
	at org.eclipse.jetty.io.AbstractConnection$ReadCallback.succeeded(AbstractConnection.java:273)
	at org.eclipse.jetty.io.FillInterest.fillable(FillInterest.java:95)
	at org.eclipse.jetty.io.SelectChannelEndPoint$2.run(SelectChannelEndPoint.java:93)
	at org.eclipse.jetty.util.thread.strategy.ExecuteProduceConsume.produceAndRun(ExecuteProduceConsume.java:246)
	at org.eclipse.jetty.util.thread.strategy.ExecuteProduceConsume.run(ExecuteProduceConsume.java:156)
	at org.eclipse.jetty.util.thread.QueuedThreadPool.runJob(QueuedThreadPool.java:654)
	at org.eclipse.jetty.util.thread.QueuedThreadPool$3.run(QueuedThreadPool.java:572)
	at java.lang.Thread.run(Thread.java:745)
Caused by: java.lang.ClassNotFoundException: com.weizhu.proto.AdminProtos$GetAdminListRequest$Builder
	at org.codehaus.plexus.classworlds.strategy.SelfFirstStrategy.loadClass(SelfFirstStrategy.java:50)
	at org.codehaus.plexus.classworlds.realm.ClassRealm.unsynchronizedLoadClass(ClassRealm.java:271)
	at org.codehaus.plexus.classworlds.realm.ClassRealm.loadClass(ClassRealm.java:247)
	at org.codehaus.plexus.classworlds.realm.ClassRealm.loadClass(ClassRealm.java:239)
	at org.eclipse.jetty.webapp.WebAppClassLoader.loadClass(WebAppClassLoader.java:487)
	at org.eclipse.jetty.webapp.WebAppClassLoader.loadClass(WebAppClassLoader.java:428)
	... 39 common frames omitted
